2023-04-10 08:42:14,713 :INFO : utilities.customLogger :************ Test_001_Login ****************
2023-04-10 08:42:14,714 :INFO : utilities.customLogger :************ Verifying Home Page Title ****************
2023-04-10 08:42:21,045 :INFO : utilities.customLogger :************ Home page title test is passed ****************
2023-04-10 08:42:23,220 :INFO : utilities.customLogger :************ Verifying login test  ****************
2023-04-10 08:42:30,564 :INFO : utilities.customLogger :************ Login test is passed  ****************
#########################################################################################################################
2023-04-10 09:03:30,408 :INFO : Test_001_Login :************ Test_001_Login ****************
2023-04-10 09:03:30,409 :INFO : Test_001_Login :************ Verifying Home Page Title ****************
2023-04-10 09:03:34,621 :INFO : Test_001_Login :************ Home page title test is passed ****************
2023-04-10 09:03:37,009 :INFO : Test_001_Login :************ Verifying login test  ****************
2023-04-10 09:03:45,072 :INFO : Test_001_Login :************ Login test is passed  ****************
2023-04-10 09:52:07,719 :INFO : Test_001_Login :************ Test_001_Login ****************
2023-04-10 09:52:07,720 :INFO : Test_001_Login :************ Verifying Home Page Title ****************
2023-04-10 09:52:12,067 :INFO : Test_001_Login :************ Home page title test is passed ****************
2023-04-10 09:52:14,097 :INFO : Test_001_Login :************ Verifying login test  ****************
2023-04-10 09:52:22,234 :INFO : Test_001_Login :************ Login test is passed  ****************

2023-04-10 09:59:16,354 :INFO : Test_001_Login :************ Test_001_Login ****************
2023-04-10 09:59:16,355 :INFO : Test_001_Login :************ Verifying Home Page Title ****************
2023-04-10 09:59:19,204 :INFO : Test_001_Login :************ Home page title test is failed ****************
2023-04-10 09:59:23,211 :INFO : Test_001_Login :************ Verifying login test  ****************
2023-04-10 09:59:32,486 :INFO : Test_001_Login :************ Login test is passed  ****************
2023-04-10 10:01:34,819 :INFO : Test_001_Login :************ Test_001_Login ****************
2023-04-10 10:01:34,820 :INFO : Test_001_Login :************ Verifying Home Page Title ****************
2023-04-10 10:01:40,213 :INFO : Test_001_Login :************ Home page title test is passed ****************
2023-04-10 10:01:44,144 :INFO : Test_001_Login :************ Verifying login test  ****************
2023-04-10 10:01:53,578 :INFO : Test_001_Login :************ Login test is passed  ****************
#################################################################################################
2023-04-10 10:03:17,473 :INFO : Test_001_Login :************ Test_001_Login ****************
2023-04-10 10:03:17,474 :INFO : Test_001_Login :************ Verifying Home Page Title ****************
2023-04-10 10:03:21,243 :INFO : Test_001_Login :************ Home page title test is failed ****************
2023-04-10 10:03:25,266 :INFO : Test_001_Login :************ Verifying login test  ****************
2023-04-10 10:03:33,224 :INFO : Test_001_Login :************ Login test is passed  ****************
###################################################################################################################

2023-04-10 10:16:02,037 :INFO : Test_001_Login :************ Verifying login test  ****************
2023-04-10 10:16:04,500 :INFO : Test_001_Login :************ Test_001_Login ****************
2023-04-10 10:16:04,500 :INFO : Test_001_Login :************ Verifying Home Page Title ****************
2023-04-10 10:16:10,659 :INFO : Test_001_Login :************ Home page title test is passed ****************
2023-04-10 10:16:14,867 :INFO : Test_001_Login :************ Login test is passed  ****************
2023-04-10 10:19:06,640 :INFO : Test_001_Login :************ Verifying login test  ****************
2023-04-10 10:19:07,311 :INFO : Test_001_Login :************ Test_001_Login ****************
2023-04-10 10:19:07,312 :INFO : Test_001_Login :************ Verifying Home Page Title ****************
2023-04-10 10:19:11,926 :INFO : Test_001_Login :************ Home page title test is passed ****************
2023-04-10 10:19:15,604 :INFO : Test_001_Login :************ Login test is passed  ****************
2023-04-10 10:32:09,938 :INFO : Test_001_Login :************ Test_001_Login ****************
2023-04-10 10:32:09,938 :INFO : Test_001_Login :************ Verifying Home Page Title ****************
2023-04-10 10:32:14,164 :INFO : Test_001_Login :************ Home page title test is passed ****************
2023-04-10 10:32:16,127 :INFO : Test_001_Login :************ Verifying login test  ****************
2023-04-10 10:32:22,873 :INFO : Test_001_Login :************ Login test is passed  ****************
2023-04-10 11:11:22,985 :INFO : Test_001_Login :************ Verifying login test  ****************
2023-04-10 11:11:23,047 :INFO : Test_001_Login :************ Verifying Home Page Title ****************
2023-04-10 11:11:30,361 :INFO : Test_001_Login :************ Home page title test is passed ****************
2023-04-10 11:11:34,380 :INFO : Test_001_Login :************ Login test is passed  ****************
2023-04-10 11:13:58,124 :INFO : Test_001_Login :************ Verifying login test  ****************
2023-04-10 11:13:58,803 :INFO : Test_001_Login :************ Test_001_Login ****************
2023-04-10 11:13:58,804 :INFO : Test_001_Login :************ Verifying Home Page Title ****************
2023-04-10 11:14:04,360 :INFO : Test_001_Login :************ Home page title test is passed ****************
2023-04-10 11:14:09,366 :INFO : Test_001_Login :************ Login test is passed  ****************
2023-04-10 11:14:55,663 :INFO : Test_001_Login :************ Test_001_Login ****************
2023-04-10 11:14:55,722 :INFO : Test_001_Login :************ Verifying login test  ****************
2023-04-10 11:14:55,816 :INFO : Test_001_Login :************ Verifying Home Page Title ****************
2023-04-10 11:15:01,233 :INFO : Test_001_Login :************ Home page title test is passed ****************
2023-04-10 11:15:04,625 :INFO : Test_001_Login :************ Login test is passed  ****************
2023-04-10 11:22:11,417 :INFO : Test_001_Login :************ Verifying login test  ****************
2023-04-10 11:22:14,427 :INFO : Test_001_Login :************ Test_001_Login ****************
2023-04-10 11:22:14,427 :INFO : Test_001_Login :************ Verifying Home Page Title ****************
2023-04-10 11:22:34,083 :INFO : Test_001_Login :************ Home page title test is passed ****************
2023-04-10 11:22:34,772 :INFO : Test_001_Login :************ Login test is passed  ****************
2023-04-10 11:23:43,200 :INFO : Test_001_Login :************ Test_001_Login ****************
2023-04-10 11:23:43,201 :INFO : Test_001_Login :************ Verifying Home Page Title ****************
2023-04-10 11:23:47,957 :INFO : Test_001_Login :************ Home page title test is passed ****************
2023-04-10 11:23:51,959 :INFO : Test_001_Login :************ Verifying login test  ****************
2023-04-10 11:24:01,123 :INFO : Test_001_Login :************ Login test is passed  ****************
2023-04-10 11:25:52,991 :INFO : Test_001_Login :************ Test_001_Login ****************
2023-04-10 11:25:52,992 :INFO : Test_001_Login :************ Verifying Home Page Title ****************
2023-04-10 11:25:57,295 :INFO : Test_001_Login :************ Home page title test is passed ****************
2023-04-10 11:25:59,215 :INFO : Test_001_Login :************ Verifying login test  ****************
2023-04-10 11:26:09,776 :INFO : Test_001_Login :************ Login test is passed  ****************
2023-04-10 11:27:19,403 :INFO : Test_001_Login :************ Test_001_Login ****************
2023-04-10 11:27:19,404 :INFO : Test_001_Login :************ Verifying Home Page Title ****************
2023-04-10 11:27:24,356 :INFO : Test_001_Login :************ Home page title test is passed ****************
2023-04-10 11:27:26,334 :INFO : Test_001_Login :************ Verifying login test  ****************
2023-04-10 11:27:35,092 :INFO : Test_001_Login :************ Login test is passed  ****************
2023-04-10 11:29:07,293 :INFO : Test_001_Login :************ Test_001_Login ****************
2023-04-10 11:29:07,294 :INFO : Test_001_Login :************ Verifying Home Page Title ****************
2023-04-10 11:29:11,520 :INFO : Test_001_Login :************ Home page title test is passed ****************
2023-04-10 11:29:13,492 :INFO : Test_001_Login :************ Verifying login test  ****************
2023-04-10 11:29:20,629 :INFO : Test_001_Login :************ Login test is passed  ****************
2023-04-10 11:31:08,425 :INFO : Test_001_Login :************ Test_001_Login ****************
2023-04-10 11:31:08,426 :INFO : Test_001_Login :************ Verifying Home Page Title ****************
2023-04-10 11:31:12,977 :INFO : Test_001_Login :************ Home page title test is passed ****************
2023-04-10 11:31:14,935 :INFO : Test_001_Login :************ Verifying login test  ****************
2023-04-10 11:31:23,433 :INFO : Test_001_Login :************ Login test is passed  ****************
2023-04-10 13:09:54,291 :INFO : Test_002_DDT_Login :******** Test_002_DDT_Login *********
2023-04-10 13:09:54,336 :INFO : Test_002_DDT_Login :************ Verifying login test  ****************
2023-04-10 13:10:10,317 :INFO : Test_002_DDT_Login :*****passed*******
2023-04-10 13:10:17,785 :INFO : Test_002_DDT_Login :*****passed*********
2023-04-10 13:10:24,400 :INFO : Test_002_DDT_Login :*****passed*********
2023-04-10 13:10:31,052 :INFO : Test_002_DDT_Login :*****passed*********
2023-04-10 13:15:35,176 :INFO : Test_002_DDT_Login :******** Test_002_DDT_Login *********
2023-04-10 13:15:35,207 :INFO : Test_002_DDT_Login :************ Verifying login test  ****************
2023-04-10 13:15:49,821 :INFO : Test_002_DDT_Login :*****passed*******
2023-04-10 13:15:57,327 :INFO : Test_002_DDT_Login :*****passed*********
2023-04-10 13:16:03,210 :INFO : Test_002_DDT_Login :*****passed*********
2023-04-10 13:16:09,407 :INFO : Test_002_DDT_Login :*****passed*********
2023-04-10 13:29:07,222 :INFO : Test_002_DDT_Login :******** Test_002_DDT_Login *********
2023-04-10 13:29:07,223 :INFO : Test_002_DDT_Login :************ Verifying login test  ****************
2023-04-10 13:29:18,190 :INFO : Test_002_DDT_Login :*****passed*******
2023-04-10 13:29:25,621 :INFO : Test_002_DDT_Login :*****passed*********
2023-04-10 13:29:31,515 :INFO : Test_002_DDT_Login :*****passed*********
2023-04-10 13:29:37,852 :INFO : Test_002_DDT_Login :*****passed*********
2023-04-10 18:03:00,851 :INFO : Test_001_Login :************ Test_001_Login ****************
2023-04-10 18:03:00,883 :INFO : Test_001_Login :************ Verifying Home Page Title ****************
2023-04-10 18:03:06,141 :INFO : Test_001_Login :************ Home page title test is passed ****************
2023-04-10 18:03:10,421 :INFO : Test_001_Login :************ Verifying login test  ****************
2023-04-10 18:03:19,512 :INFO : Test_001_Login :************ Login test is passed  ****************
2023-04-11 16:01:49,973 :CRITICAL : practice :Critical issue
2023-04-11 16:44:22,134 :INFO : Test_001_Login :************ Verifying login test  ****************
2023-04-11 16:44:31,112 :INFO : Test_001_Login :************ Login test is passed  ****************
2023-04-11 16:46:00,160 :INFO : Test_003_Login :******** Test_003_AddCustomer  ********
2023-04-11 16:46:09,341 :INFO : Test_003_Login :*******Login successful********
2023-04-11 16:46:09,341 :INFO : Test_003_Login :****** Starting Add Customer Test ******
2023-04-11 16:46:12,928 :INFO : Test_003_Login :******* Providing Customer info  *******
2023-04-11 16:52:09,185 :INFO : Test_003_Login :******** Test_003_AddCustomer  ********
2023-04-11 16:52:18,988 :INFO : Test_003_Login :*******Login successful********
2023-04-11 16:52:18,989 :INFO : Test_003_Login :****** Starting Add Customer Test ******
2023-04-11 16:52:25,173 :INFO : Test_003_Login :******* Providing Customer info  *******
2023-04-11 17:01:16,957 :INFO : Test_003_Login :******** Test_003_AddCustomer  ********
2023-04-11 17:01:29,103 :INFO : Test_003_Login :*******Login successful********
2023-04-11 17:01:29,104 :INFO : Test_003_Login :****** Starting Add Customer Test ******
2023-04-11 17:01:32,944 :INFO : Test_003_Login :******* Providing Customer info  *******
2023-04-11 17:02:38,747 :INFO : Test_003_Login :******** Test_003_AddCustomer  ********
2023-04-11 17:02:49,195 :INFO : Test_003_Login :*******Login successful********
2023-04-11 17:02:49,195 :INFO : Test_003_Login :****** Starting Add Customer Test ******
2023-04-11 17:02:52,526 :INFO : Test_003_Login :******* Providing Customer info  *******
2023-04-11 17:06:34,984 :INFO : Test_003_Login :******** Test_003_AddCustomer  ********
2023-04-11 17:06:44,766 :INFO : Test_003_Login :*******Login successful********
2023-04-11 17:06:44,766 :INFO : Test_003_Login :****** Starting Add Customer Test ******
2023-04-11 17:06:51,905 :INFO : Test_003_Login :******* Providing Customer info  *******
2023-04-11 17:11:15,657 :INFO : Test_003_Login :******** Test_003_AddCustomer  ********
2023-04-11 17:11:28,849 :INFO : Test_003_Login :*******Login successful********
2023-04-11 17:11:28,849 :INFO : Test_003_Login :****** Starting Add Customer Test ******
2023-04-11 17:11:33,323 :INFO : Test_003_Login :******* Providing Customer info  *******
2023-04-11 17:11:39,303 :INFO : Test_003_Login :******** Saving the customer info ********
2023-04-11 17:11:39,303 :INFO : Test_003_Login :******** Add customer validtion started  ********
2023-04-11 17:11:39,662 :INFO : Test_003_Login :****** Add customer test passed*****
2023-04-11 17:11:40,772 :INFO : Test_003_Login :******** Test_003_AddCustomer completed **********
2023-04-11 17:16:34,609 :INFO : Test_003_Login :******** Test_003_AddCustomer  ********
2023-04-11 17:16:47,483 :INFO : Test_003_Login :*******Login successful********
2023-04-11 17:16:47,484 :INFO : Test_003_Login :****** Starting Add Customer Test ******
2023-04-11 17:16:51,990 :INFO : Test_003_Login :******* Providing Customer info  *******
2023-04-11 17:16:54,952 :INFO : Test_003_Login :******** Saving the customer info ********
2023-04-11 17:16:54,952 :INFO : Test_003_Login :******** Add customer validtion started  ********
2023-04-11 17:16:55,325 :INFO : Test_003_Login :****** Add customer test passed*****
2023-04-11 17:16:55,557 :INFO : Test_003_Login :******** Test_003_AddCustomer completed **********
2023-04-12 12:12:31,151 :INFO : Test_SearchCustomerByEmail_004 :******* SearchCustomerByEmail_004 *********
2023-04-12 12:12:35,814 :INFO : Test_SearchCustomerByEmail_004 : Login successful
2023-04-12 12:12:35,814 :INFO : Test_SearchCustomerByEmail_004 :******** starting search customer by email ********
2023-04-12 12:17:33,786 :INFO : Test_SearchCustomerByEmail_004 :******* SearchCustomerByEmail_004 *********
2023-04-12 12:17:38,306 :INFO : Test_SearchCustomerByEmail_004 : Login successful
2023-04-12 12:17:38,306 :INFO : Test_SearchCustomerByEmail_004 :******** starting search customer by email ********
2023-04-12 12:25:07,306 :INFO : Test_SearchCustomerByEmail_004 :******* SearchCustomerByEmail_004 *********
2023-04-12 12:25:12,451 :INFO : Test_SearchCustomerByEmail_004 : Login successful
2023-04-12 12:25:12,451 :INFO : Test_SearchCustomerByEmail_004 :******** starting search customer by email ********
2023-04-12 12:26:44,710 :INFO : Test_SearchCustomerByEmail_004 :******* SearchCustomerByEmail_004 *********
2023-04-12 12:26:49,327 :INFO : Test_SearchCustomerByEmail_004 : Login successful
2023-04-12 12:26:49,327 :INFO : Test_SearchCustomerByEmail_004 :******** starting search customer by email ********
2023-04-12 12:34:02,050 :INFO : Test_SearchCustomerByEmail_004 :******* SearchCustomerByEmail_004 *********
2023-04-12 12:34:12,099 :INFO : Test_SearchCustomerByEmail_004 : Login successful
2023-04-12 12:34:17,114 :INFO : Test_SearchCustomerByEmail_004 :******** starting search customer by email ********
2023-04-12 12:34:24,278 :INFO : Test_SearchCustomerByEmail_004 :********* searching customer by emailID ********
2023-04-12 12:37:47,915 :INFO : Test_SearchCustomerByEmail_004 :******* SearchCustomerByEmail_004 *********
2023-04-12 12:38:00,028 :INFO : Test_SearchCustomerByEmail_004 : Login successful
2023-04-12 12:38:05,029 :INFO : Test_SearchCustomerByEmail_004 :******** starting search customer by email ********
2023-04-12 12:38:12,478 :INFO : Test_SearchCustomerByEmail_004 :********* searching customer by emailID ********
2023-04-12 12:41:40,304 :INFO : Test_SearchCustomerByEmail_004 :******* SearchCustomerByEmail_004 *********
2023-04-12 12:41:52,988 :INFO : Test_SearchCustomerByEmail_004 : Login successful
2023-04-12 12:41:57,999 :INFO : Test_SearchCustomerByEmail_004 :******** starting search customer by email ********
2023-04-12 12:42:04,895 :INFO : Test_SearchCustomerByEmail_004 :********* searching customer by emailID ********
2023-04-12 12:57:07,906 :INFO : Test_SearchCustomerByEmail_004 :******* SearchCustomerByEmail_004 *********
2023-04-12 12:58:40,242 :INFO : Test_SearchCustomerByEmail_004 :******* SearchCustomerByEmail_004 *********
2023-04-12 12:59:30,018 :INFO : Test_SearchCustomerByEmail_004 : Login successful
2023-04-12 12:59:35,027 :INFO : Test_SearchCustomerByEmail_004 :******** starting search customer by email ********
2023-04-12 12:59:37,766 :INFO : Test_SearchCustomerByEmail_004 :********* searching customer by emailID ********
2023-04-12 13:10:46,653 :INFO : Test_SearchCustomerByEmail_004 :******* SearchCustomerByEmail_004 *********
2023-04-12 13:10:56,445 :INFO : Test_SearchCustomerByEmail_004 : Login successful
2023-04-12 13:11:01,453 :INFO : Test_SearchCustomerByEmail_004 :******** starting search customer by email ********
2023-04-12 13:11:03,985 :INFO : Test_SearchCustomerByEmail_004 :********* searching customer by emailID ********
2023-04-12 13:11:47,793 :INFO : Test_SearchCustomerByEmail_004 :******* SearchCustomerByEmail_004 *********
2023-04-12 13:12:23,837 :INFO : Test_SearchCustomerByEmail_004 : Login successful
2023-04-12 13:12:28,846 :INFO : Test_SearchCustomerByEmail_004 :******** starting search customer by email ********
2023-04-12 13:12:30,774 :INFO : Test_SearchCustomerByEmail_004 :********* searching customer by emailID ********
2023-04-12 13:14:28,580 :INFO : Test_SearchCustomerByEmail_004 :******* SearchCustomerByEmail_004 *********
2023-04-12 13:14:36,410 :INFO : Test_SearchCustomerByEmail_004 : Login successful
2023-04-12 13:14:41,417 :INFO : Test_SearchCustomerByEmail_004 :******** starting search customer by email ********
2023-04-12 13:15:38,040 :INFO : Test_SearchCustomerByEmail_004 :********* searching customer by emailID ********
2023-04-12 13:20:05,104 :INFO : Test_SearchCustomerByEmail_004 :******* SearchCustomerByEmail_004 *********
2023-04-12 13:20:12,834 :INFO : Test_SearchCustomerByEmail_004 : Login successful
2023-04-12 13:20:17,850 :INFO : Test_SearchCustomerByEmail_004 :******** starting search customer by email ********
2023-04-12 13:20:19,809 :INFO : Test_SearchCustomerByEmail_004 :********* searching customer by emailID ********
2023-04-12 13:21:24,396 :INFO : Test_SearchCustomerByEmail_004 :******* SearchCustomerByEmail_004 *********
2023-04-12 13:21:33,306 :INFO : Test_SearchCustomerByEmail_004 : Login successful
2023-04-12 13:21:38,314 :INFO : Test_SearchCustomerByEmail_004 :******** starting search customer by email ********
2023-04-12 13:21:40,274 :INFO : Test_SearchCustomerByEmail_004 :********* searching customer by emailID ********
2023-04-12 13:22:53,263 :INFO : Test_SearchCustomerByEmail_004 :******* SearchCustomerByEmail_004 *********
2023-04-12 13:23:03,206 :INFO : Test_SearchCustomerByEmail_004 : Login successful
2023-04-12 13:23:08,220 :INFO : Test_SearchCustomerByEmail_004 :******** starting search customer by email ********
2023-04-12 13:23:10,099 :INFO : Test_SearchCustomerByEmail_004 :********* searching customer by emailID ********
2023-04-12 13:31:09,959 :INFO : Test_SearchCustomerByEmail_004 :******* SearchCustomerByEmail_004 *********
2023-04-12 13:31:21,322 :INFO : Test_SearchCustomerByEmail_004 : Login successful
2023-04-12 13:31:26,336 :INFO : Test_SearchCustomerByEmail_004 :******** starting search customer by email ********
2023-04-12 13:31:28,293 :INFO : Test_SearchCustomerByEmail_004 :********* searching customer by emailID ********
2023-04-12 13:43:26,174 :INFO : Test_SearchCustomerByEmail_004 :******* SearchCustomerByEmail_004 *********
2023-04-12 13:43:34,993 :INFO : Test_SearchCustomerByEmail_004 : Login successful
2023-04-12 13:43:40,002 :INFO : Test_SearchCustomerByEmail_004 :******** starting search customer by email ********
2023-04-12 13:43:41,932 :INFO : Test_SearchCustomerByEmail_004 :********* searching customer by emailID ********
2023-04-12 13:44:54,715 :INFO : Test_SearchCustomerByEmail_004 :******* SearchCustomerByEmail_004 *********
2023-04-12 13:45:03,894 :INFO : Test_SearchCustomerByEmail_004 : Login successful
2023-04-12 13:45:08,896 :INFO : Test_SearchCustomerByEmail_004 :******** starting search customer by email ********
2023-04-12 13:45:10,835 :INFO : Test_SearchCustomerByEmail_004 :********* searching customer by emailID ********
2023-04-12 13:47:33,593 :INFO : Test_SearchCustomerByEmail_004 :******* SearchCustomerByEmail_004 *********
2023-04-12 13:47:43,425 :INFO : Test_SearchCustomerByEmail_004 : Login successful
2023-04-12 13:47:48,437 :INFO : Test_SearchCustomerByEmail_004 :******** starting search customer by email ********
2023-04-12 13:47:50,607 :INFO : Test_SearchCustomerByEmail_004 :********* searching customer by emailID ********
2023-04-12 13:48:01,106 :INFO : Test_SearchCustomerByEmail_004 :******* TC_SearchCustomerByEmail_004 Finished *******
2023-04-12 14:01:03,879 :INFO : Test_SearchCustomerByEmail_005 :******* SearchCustomerByEmail_004 *********
2023-04-12 14:01:14,182 :INFO : Test_SearchCustomerByEmail_005 : Login successful
2023-04-12 14:01:19,191 :INFO : Test_SearchCustomerByEmail_005 :******** starting search customer by name ********
2023-04-12 14:01:21,673 :INFO : Test_SearchCustomerByEmail_005 :********* searching customer by emailID ********
2023-04-12 14:02:40,708 :INFO : Test_SearchCustomerByEmail_005 :******* SearchCustomerByEmail_004 *********
2023-04-12 14:02:50,186 :INFO : Test_SearchCustomerByEmail_005 : Login successful
2023-04-12 14:02:55,198 :INFO : Test_SearchCustomerByEmail_005 :******** starting search customer by name ********
2023-04-12 14:02:57,441 :INFO : Test_SearchCustomerByEmail_005 :********* searching customer by emailID ********
2023-04-12 14:05:08,712 :INFO : Test_SearchCustomerByEmail_004 :******* SearchCustomerByEmail_004 *********
2023-04-12 14:05:17,257 :INFO : Test_SearchCustomerByEmail_004 : Login successful
2023-04-12 14:05:22,265 :INFO : Test_SearchCustomerByEmail_004 :******** starting search customer by email ********
2023-04-12 14:05:24,719 :INFO : Test_SearchCustomerByEmail_004 :********* searching customer by emailID ********
2023-04-12 14:05:35,286 :INFO : Test_SearchCustomerByEmail_004 :******* TC_SearchCustomerByEmail_004 Finished *******
2023-04-12 14:05:51,138 :INFO : Test_SearchCustomerByEmail_005 :******* SearchCustomerByEmail_004 *********
2023-04-12 14:06:00,752 :INFO : Test_SearchCustomerByEmail_005 : Login successful
2023-04-12 14:06:05,760 :INFO : Test_SearchCustomerByEmail_005 :******** starting search customer by name ********
2023-04-12 14:06:08,041 :INFO : Test_SearchCustomerByEmail_005 :********* searching customer by emailID ********
2023-04-12 14:06:18,836 :INFO : Test_SearchCustomerByEmail_005 :******* TC_SearchCustomerByEmail_004 Finished *******
2023-04-12 16:51:32,148 :INFO : Test_SearchCustomerByEmail_004 :******* SearchCustomerByEmail_004 *********
2023-04-12 16:51:43,575 :INFO : Test_SearchCustomerByEmail_004 : Login successful
2023-04-12 16:51:48,578 :INFO : Test_SearchCustomerByEmail_004 :******** starting search customer by email ********
2023-04-12 16:51:51,760 :INFO : Test_SearchCustomerByEmail_005 :******* SearchCustomerByEmail_004 *********
2023-04-12 16:52:03,200 :INFO : Test_SearchCustomerByEmail_005 : Login successful
2023-04-12 16:52:08,214 :INFO : Test_SearchCustomerByEmail_005 :******** starting search customer by name ********
2023-04-12 16:52:10,856 :INFO : Test_SearchCustomerByEmail_005 :********* searching customer by emailID ********
2023-04-12 16:52:27,440 :INFO : Test_003_Login :******** Test_003_AddCustomer  ********
2023-04-12 16:52:36,925 :INFO : Test_003_Login :*******Login successful********
2023-04-12 16:52:36,925 :INFO : Test_003_Login :****** Starting Add Customer Test ******
2023-04-12 16:52:41,686 :INFO : Test_003_Login :******* Providing Customer info  *******
2023-04-12 16:52:44,611 :INFO : Test_003_Login :******** Saving the customer info ********
2023-04-12 16:52:44,611 :INFO : Test_003_Login :******** Add customer validtion started  ********
2023-04-12 16:52:44,981 :INFO : Test_003_Login :****** Add customer test passed*****
2023-04-12 16:52:45,143 :INFO : Test_003_Login :******** Test_003_AddCustomer completed **********
2023-04-12 16:52:47,582 :INFO : Test_001_Login :************ Test_001_Login ****************
2023-04-12 16:52:47,583 :INFO : Test_001_Login :************ Verifying Home Page Title ****************
2023-04-12 16:52:51,676 :INFO : Test_001_Login :************ Home page title test is passed ****************
2023-04-12 16:52:53,805 :INFO : Test_001_Login :************ Verifying login test  ****************
2023-04-12 16:53:00,306 :INFO : Test_001_Login :************ Login test is passed  ****************
2023-04-12 16:53:02,684 :INFO : Test_002_DDT_Login :******** Test_002_DDT_Login *********
2023-04-12 16:53:02,684 :INFO : Test_002_DDT_Login :************ Verifying login test  ****************
2023-04-12 16:53:16,047 :INFO : Test_002_DDT_Login :*****passed*******
2023-04-12 16:53:23,736 :INFO : Test_002_DDT_Login :*****passed*********
2023-04-12 16:53:29,751 :INFO : Test_002_DDT_Login :*****passed*********
2023-04-12 16:53:36,050 :INFO : Test_002_DDT_Login :*****passed*********
2023-04-12 17:21:14,497 :INFO : Test_003_Login :******** Test_003_AddCustomer  ********
2023-04-12 17:21:22,308 :INFO : Test_003_Login :*******Login successful********
2023-04-12 17:21:22,308 :INFO : Test_003_Login :****** Starting Add Customer Test ******
2023-04-12 17:21:25,830 :INFO : Test_003_Login :******* Providing Customer info  *******
2023-04-12 17:21:28,648 :INFO : Test_003_Login :******** Saving the customer info ********
2023-04-12 17:21:28,648 :INFO : Test_003_Login :******** Add customer validtion started  ********
2023-04-12 17:21:29,121 :INFO : Test_003_Login :****** Add customer test passed*****
2023-04-12 17:21:29,324 :INFO : Test_003_Login :******** Test_003_AddCustomer completed **********
2023-04-12 17:21:31,733 :INFO : Test_001_Login :************ Verifying login test  ****************
2023-04-12 17:21:38,625 :INFO : Test_001_Login :************ Login test is passed  ****************
2023-04-12 18:22:36,040 :INFO : Test_003_Login :******** Test_003_AddCustomer  ********
2023-04-12 18:22:43,125 :INFO : Test_003_Login :*******Login successful********
2023-04-12 18:22:43,125 :INFO : Test_003_Login :****** Starting Add Customer Test ******
2023-04-12 18:22:47,216 :INFO : Test_003_Login :******* Providing Customer info  *******
2023-04-12 18:22:50,309 :INFO : Test_003_Login :******** Saving the customer info ********
2023-04-12 18:22:50,309 :INFO : Test_003_Login :******** Add customer validtion started  ********
2023-04-12 18:22:50,805 :INFO : Test_003_Login :****** Add customer test passed*****
2023-04-12 18:22:51,062 :INFO : Test_003_Login :******** Test_003_AddCustomer completed **********
2023-04-12 18:22:54,066 :INFO : Test_001_Login :************ Verifying login test  ****************
2023-04-12 18:23:01,302 :INFO : Test_001_Login :************ Login test is passed  ****************
2023-04-12 19:11:45,394 :INFO : Test_003_Login :******** Test_003_AddCustomer  ********
2023-04-12 19:11:54,502 :INFO : Test_003_Login :*******Login successful********
2023-04-12 19:11:54,503 :INFO : Test_003_Login :****** Starting Add Customer Test ******
2023-04-12 19:11:58,152 :INFO : Test_003_Login :******* Providing Customer info  *******
2023-04-12 19:12:01,046 :INFO : Test_003_Login :******** Saving the customer info ********
2023-04-12 19:12:01,046 :INFO : Test_003_Login :******** Add customer validtion started  ********
2023-04-12 19:12:01,332 :INFO : Test_003_Login :****** Add customer test passed*****
2023-04-12 19:12:01,615 :INFO : Test_003_Login :******** Test_003_AddCustomer completed **********
2023-04-12 19:12:06,403 :INFO : Test_001_Login :************ Verifying login test  ****************
2023-04-12 19:12:14,221 :INFO : Test_001_Login :************ Login test is passed  ****************
2023-04-12 19:16:41,917 :INFO : Test_003_Login :******** Test_003_AddCustomer  ********
2023-04-12 19:16:52,182 :INFO : Test_003_Login :*******Login successful********
2023-04-12 19:16:52,182 :INFO : Test_003_Login :****** Starting Add Customer Test ******
2023-04-12 19:16:55,975 :INFO : Test_003_Login :******* Providing Customer info  *******
2023-04-12 19:16:58,910 :INFO : Test_003_Login :******** Saving the customer info ********
2023-04-12 19:16:58,910 :INFO : Test_003_Login :******** Add customer validtion started  ********
2023-04-12 19:16:59,169 :INFO : Test_003_Login :****** Add customer test passed*****
2023-04-12 19:16:59,412 :INFO : Test_003_Login :******** Test_003_AddCustomer completed **********
2023-04-12 19:17:03,373 :INFO : Test_001_Login :************ Verifying login test  ****************
2023-04-12 19:17:12,832 :INFO : Test_001_Login :************ Login test is passed  ****************
